<?xml version="1.0" encoding="UTF-8"?>
<testsuite name="JUnitTest" tests="1" skipped="0" failures="0" errors="0" timestamp="2023-12-04T10:23:58" hostname="TaeHoonui-MacBookAir.local" time="0.007">
  <properties/>
  <testcase name="1 + 2는 3이다" classname="JUnitTest" time="0.007"/>
  <system-out><![CDATA[]]></system-out>
  <system-err><![CDATA[]]></system-err>
</testsuite>
